  f2ft.cpp
c:\users\alafate abulimiti\documents\f2sumcj\f2sumcj\f2ft.cpp(47): warning C4267: 'initializing': conversion from 'size_t' to 'int', possible loss of data
c:\users\alafate abulimiti\documents\f2sumcj\f2sumcj\f2ft.cpp(47): warning C4267: 'initializing': conversion from 'size_t' to 'const int', possible loss of data
c:\users\alafate abulimiti\documents\f2sumcj\f2sumcj\f2ft.cpp(103): warning C4101: 'dummy': unreferenced local variable
c:\users\alafate abulimiti\documents\f2sumcj\f2sumcj\f2ft.cpp(170): warning C4244: 'argument': conversion from 'double' to 'IloInt', possible loss of data
f2ft.obj : warning LNK4006: "int sp_cnt" (?sp_cnt@@3HA) already defined in bound.obj; second definition ignored
f2ft.obj : warning LNK4006: "double sp_time" (?sp_time@@3NA) already defined in bound.obj; second definition ignored
f2ft.obj : warning LNK4006: "double avg_sp_time" (?avg_sp_time@@3NA) already defined in bound.obj; second definition ignored
f2ft.obj : warning LNK4006: "double max_sp_time" (?max_sp_time@@3NA) already defined in bound.obj; second definition ignored
f2ft.obj : warning LNK4006: "int initial_obj" (?initial_obj@@3HA) already defined in bound.obj; second definition ignored
bound.obj : warning LNK4006: main already defined in bound.obj; second definition ignored
bound.obj : warning LNK4006: "int __cdecl read_sequence(char const *,class std::vector<int,class std::allocator<int> > &)" (?read_sequence@@YAHPEBDAEAV?$vector@HV?$allocator@H@std@@@std@@@Z) already defined in bound.obj; second definition ignored
bound.obj : warning LNK4006: "void __cdecl read_jobs(char const *,class std::vector<struct Job,class std::allocator<struct Job> > &)" (?read_jobs@@YAXPEBDAEAV?$vector@UJob@@V?$allocator@UJob@@@std@@@std@@@Z) already defined in bound.obj; second definition ignored
bound.obj : warning LNK4006: "bool __cdecl search(class IloCplex,class IloIntVarArray * const,class std::vector<struct Job,class std::allocator<struct Job> > &,class std::vector<int,class std::allocator<int> > &,int &,double)" (?search@@YA_NVIloCplex@@QEAVIloIntVarArray@@AEAV?$vector@UJob@@V?$allocator@UJob@@@std@@@std@@AEAV?$vector@HV?$allocator@H@std@@@4@AEAHN@Z) already defined in bound.obj; second definition ignored
bound.obj : warning LNK4006: "void __cdecl get_sequence(class IloCplex,class IloIntVarArray * const,class std::vector<struct Job,class std::allocator<struct Job> > const &,class std::vector<int,class std::allocator<int> > &)" (?get_sequence@@YAXVIloCplex@@QEAVIloIntVarArray@@AEBV?$vector@UJob@@V?$allocator@UJob@@@std@@@std@@AEAV?$vector@HV?$allocator@H@std@@@4@@Z) already defined in bound.obj; second definition ignored
C:\Users\Alafate ABULIMITI\Documents\F2SumCj\x64\Release\F2SumCj.exe : warning LNK4088: image being generated due to /FORCE option; image may not run
  Generating code
  2 of 515 functions ( 0.4%) were compiled, the rest were copied from previous compilation.
    0 functions were new in current compilation
    1 functions had inline decision re-evaluated but remain unchanged
  Finished generating code
concert.lib(ilosstructi.obj) : warning LNK4099: PDB 'concert.pdb' was not found with 'concert.lib(ilosstructi.obj)' or at 'C:\Users\Alafate ABULIMITI\Documents\F2SumCj\x64\Release\concert.pdb'; linking object as if no debug info
concert.lib(ilohash.obj) : warning LNK4099: PDB 'concert.pdb' was not found with 'concert.lib(ilohash.obj)' or at 'C:\Users\Alafate ABULIMITI\Documents\F2SumCj\x64\Release\concert.pdb'; linking object as if no debug info
concert.lib(iloalg.obj) : warning LNK4099: PDB 'concert.pdb' was not found with 'concert.lib(iloalg.obj)' or at 'C:\Users\Alafate ABULIMITI\Documents\F2SumCj\x64\Release\concert.pdb'; linking object as if no debug info
concert.lib(iloenv.obj) : warning LNK4099: PDB 'concert.pdb' was not found with 'concert.lib(iloenv.obj)' or at 'C:\Users\Alafate ABULIMITI\Documents\F2SumCj\x64\Release\concert.pdb'; linking object as if no debug info
concert.lib(ilostimei.obj) : warning LNK4099: PDB 'concert.pdb' was not found with 'concert.lib(ilostimei.obj)' or at 'C:\Users\Alafate ABULIMITI\Documents\F2SumCj\x64\Release\concert.pdb'; linking object as if no debug info
concert.lib(iloallocator.obj) : warning LNK4099: PDB 'concert.pdb' was not found with 'concert.lib(iloallocator.obj)' or at 'C:\Users\Alafate ABULIMITI\Documents\F2SumCj\x64\Release\concert.pdb'; linking object as if no debug info
concert.lib(ilosatomi.obj) : warning LNK4099: PDB 'concert.pdb' was not found with 'concert.lib(ilosatomi.obj)' or at 'C:\Users\Alafate ABULIMITI\Documents\F2SumCj\x64\Release\concert.pdb'; linking object as if no debug info
concert.lib(iloserror.obj) : warning LNK4099: PDB 'concert.pdb' was not found with 'concert.lib(iloserror.obj)' or at 'C:\Users\Alafate ABULIMITI\Documents\F2SumCj\x64\Release\concert.pdb'; linking object as if no debug info
concert.lib(ilosdisplayi.obj) : warning LNK4099: PDB 'concert.pdb' was not found with 'concert.lib(ilosdisplayi.obj)' or at 'C:\Users\Alafate ABULIMITI\Documents\F2SumCj\x64\Release\concert.pdb'; linking object as if no debug info
concert.lib(ilorandom.obj) : warning LNK4099: PDB 'concert.pdb' was not found with 'concert.lib(ilorandom.obj)' or at 'C:\Users\Alafate ABULIMITI\Documents\F2SumCj\x64\Release\concert.pdb'; linking object as if no debug info
concert.lib(ilothread.obj) : warning LNK4099: PDB 'concert.pdb' was not found with 'concert.lib(ilothread.obj)' or at 'C:\Users\Alafate ABULIMITI\Documents\F2SumCj\x64\Release\concert.pdb'; linking object as if no debug info
concert.lib(ilossol.obj) : warning LNK4099: PDB 'concert.pdb' was not found with 'concert.lib(ilossol.obj)' or at 'C:\Users\Alafate ABULIMITI\Documents\F2SumCj\x64\Release\concert.pdb'; linking object as if no debug info
concert.lib(ilotypes.obj) : warning LNK4099: PDB 'concert.pdb' was not found with 'concert.lib(ilotypes.obj)' or at 'C:\Users\Alafate ABULIMITI\Documents\F2SumCj\x64\Release\concert.pdb'; linking object as if no debug info
concert.lib(iloexpression.obj) : warning LNK4099: PDB 'concert.pdb' was not found with 'concert.lib(iloexpression.obj)' or at 'C:\Users\Alafate ABULIMITI\Documents\F2SumCj\x64\Release\concert.pdb'; linking object as if no debug info
concert.lib(ilosbasic.obj) : warning LNK4099: PDB 'concert.pdb' was not found with 'concert.lib(ilosbasic.obj)' or at 'C:\Users\Alafate ABULIMITI\Documents\F2SumCj\x64\Release\concert.pdb'; linking object as if no debug info
concert.lib(iloset.obj) : warning LNK4099: PDB 'concert.pdb' was not found with 'concert.lib(iloset.obj)' or at 'C:\Users\Alafate ABULIMITI\Documents\F2SumCj\x64\Release\concert.pdb'; linking object as if no debug info
concert.lib(iloconstraint.obj) : warning LNK4099: PDB 'concert.pdb' was not found with 'concert.lib(iloconstraint.obj)' or at 'C:\Users\Alafate ABULIMITI\Documents\F2SumCj\x64\Release\concert.pdb'; linking object as if no debug info
concert.lib(iloanyexpr.obj) : warning LNK4099: PDB 'concert.pdb' was not found with 'concert.lib(iloanyexpr.obj)' or at 'C:\Users\Alafate ABULIMITI\Documents\F2SumCj\x64\Release\concert.pdb'; linking object as if no debug info
concert.lib(iloextractable.obj) : warning LNK4099: PDB 'concert.pdb' was not found with 'concert.lib(iloextractable.obj)' or at 'C:\Users\Alafate ABULIMITI\Documents\F2SumCj\x64\Release\concert.pdb'; linking object as if no debug info
concert.lib(ilomap.obj) : warning LNK4099: PDB 'concert.pdb' was not found with 'concert.lib(ilomap.obj)' or at 'C:\Users\Alafate ABULIMITI\Documents\F2SumCj\x64\Release\concert.pdb'; linking object as if no debug info
concert.lib(ilosmodel.obj) : warning LNK4099: PDB 'concert.pdb' was not found with 'concert.lib(ilosmodel.obj)' or at 'C:\Users\Alafate ABULIMITI\Documents\F2SumCj\x64\Release\concert.pdb'; linking object as if no debug info
concert.lib(ilosolution.obj) : warning LNK4099: PDB 'concert.pdb' was not found with 'concert.lib(ilosolution.obj)' or at 'C:\Users\Alafate ABULIMITI\Documents\F2SumCj\x64\Release\concert.pdb'; linking object as if no debug info
concert.lib(iloiterator.obj) : warning LNK4099: PDB 'concert.pdb' was not found with 'concert.lib(iloiterator.obj)' or at 'C:\Users\Alafate ABULIMITI\Documents\F2SumCj\x64\Release\concert.pdb'; linking object as if no debug info
concert.lib(ilossequencei.obj) : warning LNK4099: PDB 'concert.pdb' was not found with 'concert.lib(ilossequencei.obj)' or at 'C:\Users\Alafate ABULIMITI\Documents\F2SumCj\x64\Release\concert.pdb'; linking object as if no debug info
concert.lib(ilocollection.obj) : warning LNK4099: PDB 'concert.pdb' was not found with 'concert.lib(ilocollection.obj)' or at 'C:\Users\Alafate ABULIMITI\Documents\F2SumCj\x64\Release\concert.pdb'; linking object as if no debug info
concert.lib(ilocollectionstruct.obj) : warning LNK4099: PDB 'concert.pdb' was not found with 'concert.lib(ilocollectionstruct.obj)' or at 'C:\Users\Alafate ABULIMITI\Documents\F2SumCj\x64\Release\concert.pdb'; linking object as if no debug info
concert.lib(ilosimplecollection.obj) : warning LNK4099: PDB 'concert.pdb' was not found with 'concert.lib(ilosimplecollection.obj)' or at 'C:\Users\Alafate ABULIMITI\Documents\F2SumCj\x64\Release\concert.pdb'; linking object as if no debug info
concert.lib(ilocollectionoperator.obj) : warning LNK4099: PDB 'concert.pdb' was not found with 'concert.lib(ilocollectionoperator.obj)' or at 'C:\Users\Alafate ABULIMITI\Documents\F2SumCj\x64\Release\concert.pdb'; linking object as if no debug info
concert.lib(ilocollectioniterator.obj) : warning LNK4099: PDB 'concert.pdb' was not found with 'concert.lib(ilocollectioniterator.obj)' or at 'C:\Users\Alafate ABULIMITI\Documents\F2SumCj\x64\Release\concert.pdb'; linking object as if no debug info
concert.lib(iloskiplist.obj) : warning LNK4099: PDB 'concert.pdb' was not found with 'concert.lib(iloskiplist.obj)' or at 'C:\Users\Alafate ABULIMITI\Documents\F2SumCj\x64\Release\concert.pdb'; linking object as if no debug info
concert.lib(ilonumfunci.obj) : warning LNK4099: PDB 'concert.pdb' was not found with 'concert.lib(ilonumfunci.obj)' or at 'C:\Users\Alafate ABULIMITI\Documents\F2SumCj\x64\Release\concert.pdb'; linking object as if no debug info
concert.lib(iloparami.obj) : warning LNK4099: PDB 'concert.pdb' was not found with 'concert.lib(iloparami.obj)' or at 'C:\Users\Alafate ABULIMITI\Documents\F2SumCj\x64\Release\concert.pdb'; linking object as if no debug info
concert.lib(ilointervalsi.obj) : warning LNK4099: PDB 'concert.pdb' was not found with 'concert.lib(ilointervalsi.obj)' or at 'C:\Users\Alafate ABULIMITI\Documents\F2SumCj\x64\Release\concert.pdb'; linking object as if no debug info
concert.lib(evalkernel.obj) : warning LNK4099: PDB 'concert.pdb' was not found with 'concert.lib(evalkernel.obj)' or at 'C:\Users\Alafate ABULIMITI\Documents\F2SumCj\x64\Release\concert.pdb'; linking object as if no debug info
concert.lib(evaluator.obj) : warning LNK4099: PDB 'concert.pdb' was not found with 'concert.lib(evaluator.obj)' or at 'C:\Users\Alafate ABULIMITI\Documents\F2SumCj\x64\Release\concert.pdb'; linking object as if no debug info
concert.lib(evalexpand.obj) : warning LNK4099: PDB 'concert.pdb' was not found with 'concert.lib(evalexpand.obj)' or at 'C:\Users\Alafate ABULIMITI\Documents\F2SumCj\x64\Release\concert.pdb'; linking object as if no debug info
concert.lib(strtod.obj) : warning LNK4099: PDB 'concert.pdb' was not found with 'concert.lib(strtod.obj)' or at 'C:\Users\Alafate ABULIMITI\Documents\F2SumCj\x64\Release\concert.pdb'; linking object as if no debug info
  F2SumCj.vcxproj -> C:\Users\Alafate ABULIMITI\Documents\F2SumCj\x64\Release\F2SumCj.exe
