  f2ft.cpp
..\f2ft.cpp(87): warning C4018: '<' : incompatibilité signed/unsigned
..\f2ft.cpp(87): warning C4018: '>' : incompatibilité signed/unsigned
..\f2ft.cpp(132): warning C4477: 'fprintf' : la chaîne de format '%d' nécessite un argument de type 'int', mais l'argument variadique 1 est de type 'unsigned __int64'
  ..\f2ft.cpp(132): note: utilisez '%zd' dans la chaîne de format
..\f2ft.cpp(154): warning C4101: 'dummy' : variable locale non référencée
..\f2ft.cpp(221): warning C4244: 'argument' : conversion de 'double' en 'IloInt', perte possible de données
  Génération de code en cours
c:\onedrive vincent tkindt\onedrive - univ-tours.fr\recherche\programmes\f2csum\heuristiques\matheuristic fdc\mathgenbdd\f2ft.cpp(149): warning C4715: 'search' : les chemins de contrôle ne retournent pas tous une valeur
  All 383 functions were compiled because no usable IPDB/IOBJ from previous compilation was found.
  Fin de la génération du code
concert.lib(ilosstructi.obj) : warning LNK4099: PDB 'concert.pdb' n'a pu être trouvé avec 'concert.lib(ilosstructi.obj)' ou sur 'C:\OneDrive Vincent Tkindt\OneDrive - univ-tours.fr\Recherche\Programmes\F2Csum\Heuristiques\Matheuristic FDC\MathGenBdD\MatheuristicGB\x64\Release\concert.pdb' ; l'objet sera lié sans informations de débogage
concert.lib(ilohash.obj) : warning LNK4099: PDB 'concert.pdb' n'a pu être trouvé avec 'concert.lib(ilohash.obj)' ou sur 'C:\OneDrive Vincent Tkindt\OneDrive - univ-tours.fr\Recherche\Programmes\F2Csum\Heuristiques\Matheuristic FDC\MathGenBdD\MatheuristicGB\x64\Release\concert.pdb' ; l'objet sera lié sans informations de débogage
concert.lib(iloalg.obj) : warning LNK4099: PDB 'concert.pdb' n'a pu être trouvé avec 'concert.lib(iloalg.obj)' ou sur 'C:\OneDrive Vincent Tkindt\OneDrive - univ-tours.fr\Recherche\Programmes\F2Csum\Heuristiques\Matheuristic FDC\MathGenBdD\MatheuristicGB\x64\Release\concert.pdb' ; l'objet sera lié sans informations de débogage
concert.lib(iloenv.obj) : warning LNK4099: PDB 'concert.pdb' n'a pu être trouvé avec 'concert.lib(iloenv.obj)' ou sur 'C:\OneDrive Vincent Tkindt\OneDrive - univ-tours.fr\Recherche\Programmes\F2Csum\Heuristiques\Matheuristic FDC\MathGenBdD\MatheuristicGB\x64\Release\concert.pdb' ; l'objet sera lié sans informations de débogage
concert.lib(ilostimei.obj) : warning LNK4099: PDB 'concert.pdb' n'a pu être trouvé avec 'concert.lib(ilostimei.obj)' ou sur 'C:\OneDrive Vincent Tkindt\OneDrive - univ-tours.fr\Recherche\Programmes\F2Csum\Heuristiques\Matheuristic FDC\MathGenBdD\MatheuristicGB\x64\Release\concert.pdb' ; l'objet sera lié sans informations de débogage
concert.lib(iloallocator.obj) : warning LNK4099: PDB 'concert.pdb' n'a pu être trouvé avec 'concert.lib(iloallocator.obj)' ou sur 'C:\OneDrive Vincent Tkindt\OneDrive - univ-tours.fr\Recherche\Programmes\F2Csum\Heuristiques\Matheuristic FDC\MathGenBdD\MatheuristicGB\x64\Release\concert.pdb' ; l'objet sera lié sans informations de débogage
concert.lib(ilosatomi.obj) : warning LNK4099: PDB 'concert.pdb' n'a pu être trouvé avec 'concert.lib(ilosatomi.obj)' ou sur 'C:\OneDrive Vincent Tkindt\OneDrive - univ-tours.fr\Recherche\Programmes\F2Csum\Heuristiques\Matheuristic FDC\MathGenBdD\MatheuristicGB\x64\Release\concert.pdb' ; l'objet sera lié sans informations de débogage
concert.lib(iloserror.obj) : warning LNK4099: PDB 'concert.pdb' n'a pu être trouvé avec 'concert.lib(iloserror.obj)' ou sur 'C:\OneDrive Vincent Tkindt\OneDrive - univ-tours.fr\Recherche\Programmes\F2Csum\Heuristiques\Matheuristic FDC\MathGenBdD\MatheuristicGB\x64\Release\concert.pdb' ; l'objet sera lié sans informations de débogage
concert.lib(ilosdisplayi.obj) : warning LNK4099: PDB 'concert.pdb' n'a pu être trouvé avec 'concert.lib(ilosdisplayi.obj)' ou sur 'C:\OneDrive Vincent Tkindt\OneDrive - univ-tours.fr\Recherche\Programmes\F2Csum\Heuristiques\Matheuristic FDC\MathGenBdD\MatheuristicGB\x64\Release\concert.pdb' ; l'objet sera lié sans informations de débogage
concert.lib(ilorandom.obj) : warning LNK4099: PDB 'concert.pdb' n'a pu être trouvé avec 'concert.lib(ilorandom.obj)' ou sur 'C:\OneDrive Vincent Tkindt\OneDrive - univ-tours.fr\Recherche\Programmes\F2Csum\Heuristiques\Matheuristic FDC\MathGenBdD\MatheuristicGB\x64\Release\concert.pdb' ; l'objet sera lié sans informations de débogage
concert.lib(ilothread.obj) : warning LNK4099: PDB 'concert.pdb' n'a pu être trouvé avec 'concert.lib(ilothread.obj)' ou sur 'C:\OneDrive Vincent Tkindt\OneDrive - univ-tours.fr\Recherche\Programmes\F2Csum\Heuristiques\Matheuristic FDC\MathGenBdD\MatheuristicGB\x64\Release\concert.pdb' ; l'objet sera lié sans informations de débogage
concert.lib(ilossol.obj) : warning LNK4099: PDB 'concert.pdb' n'a pu être trouvé avec 'concert.lib(ilossol.obj)' ou sur 'C:\OneDrive Vincent Tkindt\OneDrive - univ-tours.fr\Recherche\Programmes\F2Csum\Heuristiques\Matheuristic FDC\MathGenBdD\MatheuristicGB\x64\Release\concert.pdb' ; l'objet sera lié sans informations de débogage
concert.lib(ilotypes.obj) : warning LNK4099: PDB 'concert.pdb' n'a pu être trouvé avec 'concert.lib(ilotypes.obj)' ou sur 'C:\OneDrive Vincent Tkindt\OneDrive - univ-tours.fr\Recherche\Programmes\F2Csum\Heuristiques\Matheuristic FDC\MathGenBdD\MatheuristicGB\x64\Release\concert.pdb' ; l'objet sera lié sans informations de débogage
concert.lib(iloexpression.obj) : warning LNK4099: PDB 'concert.pdb' n'a pu être trouvé avec 'concert.lib(iloexpression.obj)' ou sur 'C:\OneDrive Vincent Tkindt\OneDrive - univ-tours.fr\Recherche\Programmes\F2Csum\Heuristiques\Matheuristic FDC\MathGenBdD\MatheuristicGB\x64\Release\concert.pdb' ; l'objet sera lié sans informations de débogage
concert.lib(ilosbasic.obj) : warning LNK4099: PDB 'concert.pdb' n'a pu être trouvé avec 'concert.lib(ilosbasic.obj)' ou sur 'C:\OneDrive Vincent Tkindt\OneDrive - univ-tours.fr\Recherche\Programmes\F2Csum\Heuristiques\Matheuristic FDC\MathGenBdD\MatheuristicGB\x64\Release\concert.pdb' ; l'objet sera lié sans informations de débogage
concert.lib(iloset.obj) : warning LNK4099: PDB 'concert.pdb' n'a pu être trouvé avec 'concert.lib(iloset.obj)' ou sur 'C:\OneDrive Vincent Tkindt\OneDrive - univ-tours.fr\Recherche\Programmes\F2Csum\Heuristiques\Matheuristic FDC\MathGenBdD\MatheuristicGB\x64\Release\concert.pdb' ; l'objet sera lié sans informations de débogage
concert.lib(iloconstraint.obj) : warning LNK4099: PDB 'concert.pdb' n'a pu être trouvé avec 'concert.lib(iloconstraint.obj)' ou sur 'C:\OneDrive Vincent Tkindt\OneDrive - univ-tours.fr\Recherche\Programmes\F2Csum\Heuristiques\Matheuristic FDC\MathGenBdD\MatheuristicGB\x64\Release\concert.pdb' ; l'objet sera lié sans informations de débogage
concert.lib(iloanyexpr.obj) : warning LNK4099: PDB 'concert.pdb' n'a pu être trouvé avec 'concert.lib(iloanyexpr.obj)' ou sur 'C:\OneDrive Vincent Tkindt\OneDrive - univ-tours.fr\Recherche\Programmes\F2Csum\Heuristiques\Matheuristic FDC\MathGenBdD\MatheuristicGB\x64\Release\concert.pdb' ; l'objet sera lié sans informations de débogage
concert.lib(iloextractable.obj) : warning LNK4099: PDB 'concert.pdb' n'a pu être trouvé avec 'concert.lib(iloextractable.obj)' ou sur 'C:\OneDrive Vincent Tkindt\OneDrive - univ-tours.fr\Recherche\Programmes\F2Csum\Heuristiques\Matheuristic FDC\MathGenBdD\MatheuristicGB\x64\Release\concert.pdb' ; l'objet sera lié sans informations de débogage
concert.lib(ilomap.obj) : warning LNK4099: PDB 'concert.pdb' n'a pu être trouvé avec 'concert.lib(ilomap.obj)' ou sur 'C:\OneDrive Vincent Tkindt\OneDrive - univ-tours.fr\Recherche\Programmes\F2Csum\Heuristiques\Matheuristic FDC\MathGenBdD\MatheuristicGB\x64\Release\concert.pdb' ; l'objet sera lié sans informations de débogage
concert.lib(ilosmodel.obj) : warning LNK4099: PDB 'concert.pdb' n'a pu être trouvé avec 'concert.lib(ilosmodel.obj)' ou sur 'C:\OneDrive Vincent Tkindt\OneDrive - univ-tours.fr\Recherche\Programmes\F2Csum\Heuristiques\Matheuristic FDC\MathGenBdD\MatheuristicGB\x64\Release\concert.pdb' ; l'objet sera lié sans informations de débogage
concert.lib(ilosolution.obj) : warning LNK4099: PDB 'concert.pdb' n'a pu être trouvé avec 'concert.lib(ilosolution.obj)' ou sur 'C:\OneDrive Vincent Tkindt\OneDrive - univ-tours.fr\Recherche\Programmes\F2Csum\Heuristiques\Matheuristic FDC\MathGenBdD\MatheuristicGB\x64\Release\concert.pdb' ; l'objet sera lié sans informations de débogage
concert.lib(iloiterator.obj) : warning LNK4099: PDB 'concert.pdb' n'a pu être trouvé avec 'concert.lib(iloiterator.obj)' ou sur 'C:\OneDrive Vincent Tkindt\OneDrive - univ-tours.fr\Recherche\Programmes\F2Csum\Heuristiques\Matheuristic FDC\MathGenBdD\MatheuristicGB\x64\Release\concert.pdb' ; l'objet sera lié sans informations de débogage
concert.lib(ilossequencei.obj) : warning LNK4099: PDB 'concert.pdb' n'a pu être trouvé avec 'concert.lib(ilossequencei.obj)' ou sur 'C:\OneDrive Vincent Tkindt\OneDrive - univ-tours.fr\Recherche\Programmes\F2Csum\Heuristiques\Matheuristic FDC\MathGenBdD\MatheuristicGB\x64\Release\concert.pdb' ; l'objet sera lié sans informations de débogage
concert.lib(ilocollection.obj) : warning LNK4099: PDB 'concert.pdb' n'a pu être trouvé avec 'concert.lib(ilocollection.obj)' ou sur 'C:\OneDrive Vincent Tkindt\OneDrive - univ-tours.fr\Recherche\Programmes\F2Csum\Heuristiques\Matheuristic FDC\MathGenBdD\MatheuristicGB\x64\Release\concert.pdb' ; l'objet sera lié sans informations de débogage
concert.lib(ilocollectionstruct.obj) : warning LNK4099: PDB 'concert.pdb' n'a pu être trouvé avec 'concert.lib(ilocollectionstruct.obj)' ou sur 'C:\OneDrive Vincent Tkindt\OneDrive - univ-tours.fr\Recherche\Programmes\F2Csum\Heuristiques\Matheuristic FDC\MathGenBdD\MatheuristicGB\x64\Release\concert.pdb' ; l'objet sera lié sans informations de débogage
concert.lib(ilosimplecollection.obj) : warning LNK4099: PDB 'concert.pdb' n'a pu être trouvé avec 'concert.lib(ilosimplecollection.obj)' ou sur 'C:\OneDrive Vincent Tkindt\OneDrive - univ-tours.fr\Recherche\Programmes\F2Csum\Heuristiques\Matheuristic FDC\MathGenBdD\MatheuristicGB\x64\Release\concert.pdb' ; l'objet sera lié sans informations de débogage
concert.lib(ilocollectionoperator.obj) : warning LNK4099: PDB 'concert.pdb' n'a pu être trouvé avec 'concert.lib(ilocollectionoperator.obj)' ou sur 'C:\OneDrive Vincent Tkindt\OneDrive - univ-tours.fr\Recherche\Programmes\F2Csum\Heuristiques\Matheuristic FDC\MathGenBdD\MatheuristicGB\x64\Release\concert.pdb' ; l'objet sera lié sans informations de débogage
concert.lib(ilocollectioniterator.obj) : warning LNK4099: PDB 'concert.pdb' n'a pu être trouvé avec 'concert.lib(ilocollectioniterator.obj)' ou sur 'C:\OneDrive Vincent Tkindt\OneDrive - univ-tours.fr\Recherche\Programmes\F2Csum\Heuristiques\Matheuristic FDC\MathGenBdD\MatheuristicGB\x64\Release\concert.pdb' ; l'objet sera lié sans informations de débogage
concert.lib(iloskiplist.obj) : warning LNK4099: PDB 'concert.pdb' n'a pu être trouvé avec 'concert.lib(iloskiplist.obj)' ou sur 'C:\OneDrive Vincent Tkindt\OneDrive - univ-tours.fr\Recherche\Programmes\F2Csum\Heuristiques\Matheuristic FDC\MathGenBdD\MatheuristicGB\x64\Release\concert.pdb' ; l'objet sera lié sans informations de débogage
concert.lib(ilonumfunci.obj) : warning LNK4099: PDB 'concert.pdb' n'a pu être trouvé avec 'concert.lib(ilonumfunci.obj)' ou sur 'C:\OneDrive Vincent Tkindt\OneDrive - univ-tours.fr\Recherche\Programmes\F2Csum\Heuristiques\Matheuristic FDC\MathGenBdD\MatheuristicGB\x64\Release\concert.pdb' ; l'objet sera lié sans informations de débogage
concert.lib(iloparami.obj) : warning LNK4099: PDB 'concert.pdb' n'a pu être trouvé avec 'concert.lib(iloparami.obj)' ou sur 'C:\OneDrive Vincent Tkindt\OneDrive - univ-tours.fr\Recherche\Programmes\F2Csum\Heuristiques\Matheuristic FDC\MathGenBdD\MatheuristicGB\x64\Release\concert.pdb' ; l'objet sera lié sans informations de débogage
concert.lib(ilointervalsi.obj) : warning LNK4099: PDB 'concert.pdb' n'a pu être trouvé avec 'concert.lib(ilointervalsi.obj)' ou sur 'C:\OneDrive Vincent Tkindt\OneDrive - univ-tours.fr\Recherche\Programmes\F2Csum\Heuristiques\Matheuristic FDC\MathGenBdD\MatheuristicGB\x64\Release\concert.pdb' ; l'objet sera lié sans informations de débogage
concert.lib(evalkernel.obj) : warning LNK4099: PDB 'concert.pdb' n'a pu être trouvé avec 'concert.lib(evalkernel.obj)' ou sur 'C:\OneDrive Vincent Tkindt\OneDrive - univ-tours.fr\Recherche\Programmes\F2Csum\Heuristiques\Matheuristic FDC\MathGenBdD\MatheuristicGB\x64\Release\concert.pdb' ; l'objet sera lié sans informations de débogage
concert.lib(evaluator.obj) : warning LNK4099: PDB 'concert.pdb' n'a pu être trouvé avec 'concert.lib(evaluator.obj)' ou sur 'C:\OneDrive Vincent Tkindt\OneDrive - univ-tours.fr\Recherche\Programmes\F2Csum\Heuristiques\Matheuristic FDC\MathGenBdD\MatheuristicGB\x64\Release\concert.pdb' ; l'objet sera lié sans informations de débogage
concert.lib(evalexpand.obj) : warning LNK4099: PDB 'concert.pdb' n'a pu être trouvé avec 'concert.lib(evalexpand.obj)' ou sur 'C:\OneDrive Vincent Tkindt\OneDrive - univ-tours.fr\Recherche\Programmes\F2Csum\Heuristiques\Matheuristic FDC\MathGenBdD\MatheuristicGB\x64\Release\concert.pdb' ; l'objet sera lié sans informations de débogage
concert.lib(strtod.obj) : warning LNK4099: PDB 'concert.pdb' n'a pu être trouvé avec 'concert.lib(strtod.obj)' ou sur 'C:\OneDrive Vincent Tkindt\OneDrive - univ-tours.fr\Recherche\Programmes\F2Csum\Heuristiques\Matheuristic FDC\MathGenBdD\MatheuristicGB\x64\Release\concert.pdb' ; l'objet sera lié sans informations de débogage
  MatheuristicGB.vcxproj -> C:\OneDrive Vincent Tkindt\OneDrive - univ-tours.fr\Recherche\Programmes\F2Csum\Heuristiques\Matheuristic FDC\MathGenBdD\MatheuristicGB\x64\Release\MatheuristicGB.exe
